c:\users\user1\documents\visual studio 2015\projects\sudokusolver_dll\sudokusolver_dll\debug\sudokusolver_dll.pch
c:\users\user1\documents\visual studio 2015\projects\sudokusolver_dll\sudokusolver_dll\debug\vc140.pdb
c:\users\user1\documents\visual studio 2015\projects\sudokusolver_dll\sudokusolver_dll\debug\vc140.idb
c:\users\user1\documents\visual studio 2015\projects\sudokusolver_dll\sudokusolver_dll\debug\stdafx.obj
c:\users\user1\documents\visual studio 2015\projects\sudokusolver_dll\sudokusolver_dll\debug\sudokusolver_dll.obj
c:\users\user1\documents\visual studio 2015\projects\sudokusolver_dll\sudokusolver_dll\debug\cell.obj
c:\users\user1\documents\visual studio 2015\projects\sudokusolver_dll\sudokusolver_dll\debug\grid.obj
c:\users\user1\documents\visual studio 2015\projects\sudokusolver_dll\sudokusolver_dll\debug\gridset.obj
c:\users\user1\documents\visual studio 2015\projects\sudokusolver_dll\sudokusolver_dll\debug\dllmain.obj
c:\users\user1\documents\visual studio 2015\projects\sudokusolver_dll\debug\sudokusolver_dll.ilk
c:\users\user1\documents\visual studio 2015\projects\sudokusolver_dll\debug\sudokusolver_dll.dll
c:\users\user1\documents\visual studio 2015\projects\sudokusolver_dll\debug\sudokusolver_dll.pdb
c:\users\user1\documents\visual studio 2015\projects\sudokusolver_dll\debug\sudokusolver_dll.lib
c:\users\user1\documents\visual studio 2015\projects\sudokusolver_dll\debug\sudokusolver_dll.exp
c:\users\user1\documents\visual studio 2015\projects\sudokusolver_dll\sudokusolver_dll\debug\sudokusolver_dll.tlog\cl.command.1.tlog
c:\users\user1\documents\visual studio 2015\projects\sudokusolver_dll\sudokusolver_dll\debug\sudokusolver_dll.tlog\cl.read.1.tlog
c:\users\user1\documents\visual studio 2015\projects\sudokusolver_dll\sudokusolver_dll\debug\sudokusolver_dll.tlog\cl.write.1.tlog
c:\users\user1\documents\visual studio 2015\projects\sudokusolver_dll\sudokusolver_dll\debug\sudokusolver_dll.tlog\link.command.1.tlog
c:\users\user1\documents\visual studio 2015\projects\sudokusolver_dll\sudokusolver_dll\debug\sudokusolver_dll.tlog\link.read.1.tlog
c:\users\user1\documents\visual studio 2015\projects\sudokusolver_dll\sudokusolver_dll\debug\sudokusolver_dll.tlog\link.write.1.tlog
c:\users\user1\documents\visual studio 2015\projects\sudokusolver_dll\sudokusolver_dll\debug\sudokusolver_dll.tlog\sudokusolver_dll.write.1u.tlog
